<?xml version="1.0" encoding="UTF-8"?>
<!-- Generated by org.testng.reporters.JUnitReportReporter -->
<testsuite hostname="INHYDLRGOVINDU" failures="0" tests="3" name="com.Agility.RCTests.RCAPITests" time="10.115" errors="0" timestamp="2020-10-28T21:37:01 IST" skipped="0">
  <testcase classname="com.Agility.RCTests.RCAPITests" name="RC_GetToken" time="3.488"/>
  <system-out/>
  <testcase classname="com.Agility.RCTests.RCAPITests" name="FCL_RateSearch" time="2.900"/>
  <system-out/>
  <testcase classname="com.Agility.RCTests.RCAPITests" name="LCL_RateSearch" time="3.727"/>
  <system-out/>
</testsuite> <!-- com.Agility.RCTests.RCAPITests -->
