<?xml version="1.0" encoding="UTF-8"?>
<!-- Generated by org.testng.reporters.JUnitReportReporter -->
<testsuite hostname="INHYDLRGOVINDU" failures="0" tests="9" name="com.Agility.ComplianceSC_Tests.SanctionedCountryTestCases" time="6.586" errors="0" timestamp="2020-10-13T19:12:48 IST" skipped="0">
  <testcase classname="com.Agility.ComplianceSC_Tests.SanctionedCountryTestCases" name="SC_CoordinatorAuthentication" time="5.085"/>
  <system-out/>
  <testcase classname="com.Agility.ComplianceSC_Tests.SanctionedCountryTestCases" name="SC_CreateSC_Request" time="0.149"/>
  <system-out/>
  <testcase classname="com.Agility.ComplianceSC_Tests.SanctionedCountryTestCases" name="SaveSectionA" time="0.276"/>
  <system-out/>
  <testcase classname="com.Agility.ComplianceSC_Tests.SanctionedCountryTestCases" name="CompleteSectionA" time="0.148"/>
  <system-out/>
  <testcase classname="com.Agility.ComplianceSC_Tests.SanctionedCountryTestCases" name="SendToScreener" time="0.123"/>
  <system-out/>
  <testcase classname="com.Agility.ComplianceSC_Tests.SanctionedCountryTestCases" name="SC_ScreenerAuthentication" time="0.122"/>
  <system-out/>
  <testcase classname="com.Agility.ComplianceSC_Tests.SanctionedCountryTestCases" name="SaveSecB" time="0.303"/>
  <system-out/>
  <testcase classname="com.Agility.ComplianceSC_Tests.SanctionedCountryTestCases" name="CompleteSecB" time="0.264"/>
  <system-out/>
  <testcase classname="com.Agility.ComplianceSC_Tests.SanctionedCountryTestCases" name="ApproveRequest" time="0.116"/>
  <system-out/>
</testsuite> <!-- com.Agility.ComplianceSC_Tests.SanctionedCountryTestCases -->
