<?xml version="1.0" encoding="UTF-8"?>
<!-- Generated by org.testng.reporters.JUnitReportReporter -->
<testsuite hostname="INHYDLRGOVINDU" failures="0" tests="9" name="com.Agility.ComplianceSC_Tests.SanctionedCountryTestCases" time="17.082" errors="0" timestamp="2020-10-29T11:29:45 IST" skipped="0">
  <testcase classname="com.Agility.ComplianceSC_Tests.SanctionedCountryTestCases" name="SC_CoordinatorAuthentication" time="13.780"/>
  <system-out/>
  <testcase classname="com.Agility.ComplianceSC_Tests.SanctionedCountryTestCases" name="SC_CreateSC_Request" time="0.402"/>
  <system-out/>
  <testcase classname="com.Agility.ComplianceSC_Tests.SanctionedCountryTestCases" name="SaveSectionA" time="0.557"/>
  <system-out/>
  <testcase classname="com.Agility.ComplianceSC_Tests.SanctionedCountryTestCases" name="CompleteSectionA" time="0.431"/>
  <system-out/>
  <testcase classname="com.Agility.ComplianceSC_Tests.SanctionedCountryTestCases" name="SendToScreener" time="0.361"/>
  <system-out/>
  <testcase classname="com.Agility.ComplianceSC_Tests.SanctionedCountryTestCases" name="SC_ScreenerAuthentication" time="0.176"/>
  <system-out/>
  <testcase classname="com.Agility.ComplianceSC_Tests.SanctionedCountryTestCases" name="SaveSecB" time="0.618"/>
  <system-out/>
  <testcase classname="com.Agility.ComplianceSC_Tests.SanctionedCountryTestCases" name="CompleteSecB" time="0.583"/>
  <system-out/>
  <testcase classname="com.Agility.ComplianceSC_Tests.SanctionedCountryTestCases" name="ApproveRequest" time="0.174"/>
  <system-out/>
</testsuite> <!-- com.Agility.ComplianceSC_Tests.SanctionedCountryTestCases -->
